This is e-pTeX, Version 3.14159265-p3.8.3-191112-2.6 (utf8.euc) (TeX Live 2020) (preloaded format=platex 2020.12.5)  7 DEC 2021 13:19
entering extended mode
 restricted \write18 enabled.
 file:line:error style messages enabled.
 %&-line parsing enabled.
**chapter2.tex
(./chapter2.tex
pLaTeX2e <2020-10-01>+1 (based on LaTeX2e <2020-10-01> patch level 2)
L3 programming layer <2020-12-03> xparse <2020-03-03>
./chapter2.tex:2: Undefined control sequence.
l.2 \chapter
            {従来法}
? 
./chapter2.tex:2: Emergency stop.
l.2 \chapter
            {従来法}
End of file on the terminal!

 
Here is how much of TeX's memory you used:
 16 strings out of 479854
 311 string characters out of 5881696
 273706 words of memory out of 5000000
 17435 multiletter control sequences out of 15000+600000
 407301 words of font info for 44 fonts, out of 8000000 for 9000
 929 hyphenation exceptions out of 8191
 20i,0n,25p,65b,13s stack positions out of 5000i,500n,10000p,200000b,80000s
No pages of output.
